[广告] 10:21:49.893 uni一键登录，无需手动输入手机号，比短信验证码更便宜、更简单的用户注册/登录方案，详情
10:21:49.921 项目 Uniapp_iMusic 开始编译
10:21:50.972 请注意运行模式下，因日志输出、sourcemap 以及未压缩源码等原因，性能和包体积，均不及发行模式。
10:21:50.972 vite是按需编译，运行时点击某个未编译页面会先编译后加载，导致显示较慢，发行后无此问题。
10:21:50.972 编译器版本：4.57（vue3）
10:21:50.972 正在编译中...
10:21:51.903   vite v5.2.8 dev server running at:
10:21:51.903   - Local:   http://localhost:5173/
10:21:52.015   * Network: http://26.26.26.1:5173/
10:21:52.015   * Network: http://192.168.56.1:5173/
10:21:52.015   - Network: http://10.234.34.71:5173/
10:21:52.015 项目 Uniapp_iMusic 编译成功。前端运行日志，请另行在浏览器的控制台查看。
10:21:52.015 点击控制台右上角debug图标（虫子），可开启断点调试（添加断点：双击编辑器行号添加断点）
10:21:52.015 Web版常见问题参考: https://ask.dcloud.net.cn/article/35232
10:21:52.015   ready in 1639ms.
10:21:52.713 ​Browserslist: caniuse-lite is outdated. Please run:
10:21:52.713   npx update-browserslist-db@latest
10:21:52.713 [vite] connecting...
10:21:52.944 [vite] connected.
10:21:53.610 App Launch at App.vue:6
10:21:54.112 App Show at App.vue:58
10:21:54.623 加载新歌失败: {errMsg: "request:fail"} at pages/discover/discover.vue:62
10:21:55.945 搜索出错: {errMsg: "request:fail"} at pages/search/search.vue:83